  main.cpp
C:\Users\Administrator\Desktop\Updated-IOCTL\ShadowRegion\usermode\driver.h(50,21): warning C4129: '%': unrecognized character escape sequence
  (compiling source file 'main.cpp')
  
C:\Users\Administrator\Desktop\Updated-IOCTL\ShadowRegion\usermode\driver.h(379,10): warning C4477: 'printf' : format string '%p' requires an argument of type 'void *', but variadic argument 1 has type 'uintptr_t'
  (compiling source file 'main.cpp')
  
C:\Users\Administrator\Desktop\Updated-IOCTL\ShadowRegion\usermode\driver.h(380,10): warning C4477: 'printf' : format string '%p' requires an argument of type 'void *', but variadic argument 1 has type 'uintptr_t'
  (compiling source file 'main.cpp')
  
C:\Users\Administrator\Desktop\Updated-IOCTL\ShadowRegion\usermode\driver.h(382,10): warning C4477: 'printf' : format string '%p' requires an argument of type 'void *', but variadic argument 1 has type 'uintptr_t'
  (compiling source file 'main.cpp')
  
C:\Users\Administrator\Desktop\Updated-IOCTL\ShadowRegion\usermode\driver.h(383,10): warning C4477: 'printf' : format string '%p' requires an argument of type 'void *', but variadic argument 1 has type 'uintptr_t'
  (compiling source file 'main.cpp')
  
C:\Users\Administrator\Desktop\Updated-IOCTL\ShadowRegion\usermode\driver.h(384,10): warning C4477: 'printf' : format string '%p' requires an argument of type 'void *', but variadic argument 1 has type 'uintptr_t'
  (compiling source file 'main.cpp')
  
C:\Users\Administrator\Desktop\Updated-IOCTL\ShadowRegion\usermode\driver.h(387,10): warning C4477: 'printf' : format string '%p' requires an argument of type 'void *', but variadic argument 1 has type 'uintptr_t'
  (compiling source file 'main.cpp')
  
C:\Users\Administrator\Desktop\Updated-IOCTL\ShadowRegion\usermode\main.cpp(24,9): warning C4477: 'printf' : format string '%p' requires an argument of type 'void *', but variadic argument 1 has type 'unsigned __int64'
C:\Users\Administrator\Desktop\Updated-IOCTL\ShadowRegion\usermode\main.cpp(27,9): warning C4477: 'printf' : format string '%p' requires an argument of type 'void *', but variadic argument 1 has type 'uintptr_t'
C:\Users\Administrator\Desktop\Updated-IOCTL\ShadowRegion\usermode\main.cpp(33,10): warning C4477: 'printf' : format string '%p' requires an argument of type 'void *', but variadic argument 1 has type 'T'
C:\Users\Administrator\Desktop\Updated-IOCTL\ShadowRegion\usermode\main.cpp(33,10): warning C4477:         with
C:\Users\Administrator\Desktop\Updated-IOCTL\ShadowRegion\usermode\main.cpp(33,10): warning C4477:         [
C:\Users\Administrator\Desktop\Updated-IOCTL\ShadowRegion\usermode\main.cpp(33,10): warning C4477:             T=uint64_t
C:\Users\Administrator\Desktop\Updated-IOCTL\ShadowRegion\usermode\main.cpp(33,10): warning C4477:         ]
C:\Users\Administrator\Desktop\Updated-IOCTL\ShadowRegion\usermode\main.cpp(36,10): warning C4477: 'printf' : format string '%p' requires an argument of type 'void *', but variadic argument 1 has type 'T'
C:\Users\Administrator\Desktop\Updated-IOCTL\ShadowRegion\usermode\main.cpp(36,10): warning C4477:         with
C:\Users\Administrator\Desktop\Updated-IOCTL\ShadowRegion\usermode\main.cpp(36,10): warning C4477:         [
C:\Users\Administrator\Desktop\Updated-IOCTL\ShadowRegion\usermode\main.cpp(36,10): warning C4477:             T=uint64_t
C:\Users\Administrator\Desktop\Updated-IOCTL\ShadowRegion\usermode\main.cpp(36,10): warning C4477:         ]
C:\Users\Administrator\Desktop\Updated-IOCTL\ShadowRegion\usermode\main.cpp(39,10): warning C4477: 'printf' : format string '%p' requires an argument of type 'void *', but variadic argument 1 has type 'T'
C:\Users\Administrator\Desktop\Updated-IOCTL\ShadowRegion\usermode\main.cpp(39,10): warning C4477:         with
C:\Users\Administrator\Desktop\Updated-IOCTL\ShadowRegion\usermode\main.cpp(39,10): warning C4477:         [
C:\Users\Administrator\Desktop\Updated-IOCTL\ShadowRegion\usermode\main.cpp(39,10): warning C4477:             T=uint64_t
C:\Users\Administrator\Desktop\Updated-IOCTL\ShadowRegion\usermode\main.cpp(39,10): warning C4477:         ]
C:\Users\Administrator\Desktop\Updated-IOCTL\ShadowRegion\usermode\main.cpp(45,6): warning C4326: return type of 'main' should be 'int' instead of 'const LONG'
  Generating code
  Previous IPDB not found, fall back to full compilation.
  All 114 functions were compiled because no usable IPDB/IOBJ from previous compilation was found.
  Finished generating code
  usermode.vcxproj -> C:\Users\Administrator\Desktop\Updated-IOCTL\ShadowRegion\x64\Release\usermode.exe
